[0m17:40:32.350118 [debug] [MainThread]: Sending event: {'category': 'dbt', 'action': 'invocation', 'label': 'start', 'context': [<snowplow_tracker.self_describing_json.SelfDescribingJson object at 0x0000025610BBFDC0>, <snowplow_tracker.self_describing_json.SelfDescribingJson object at 0x0000025610AAABB0>, <snowplow_tracker.self_describing_json.SelfDescribingJson object at 0x0000025612E31820>]}


============================== 17:40:32.358017 | 938992d7-9e67-40f2-b3a0-e88c3e54f2e9 ==============================
[0m17:40:32.358017 [info ] [MainThread]: Running with dbt=1.10.11
[0m17:40:32.359898 [debug] [MainThread]: running dbt with arguments {'warn_error': 'None', 'quiet': 'False', 'partial_parse': 'True', 'empty': 'False', 'log_path': 'C:\\Users\\yshoo\\Desktop\\DataScience\\RealEstateAnalytics\\dbt_project\\logs', 'invocation_command': 'dbt run', 'write_json': 'True', 'log_format': 'default', 'indirect_selection': 'eager', 'cache_selected_only': 'False', 'target_path': 'None', 'profiles_dir': 'C:\\Users\\yshoo\\.dbt', 'printer_width': '80', 'use_colors': 'True', 'introspect': 'True', 'fail_fast': 'False', 'log_cache_events': 'False', 'send_anonymous_usage_stats': 'True', 'use_experimental_parser': 'False', 'static_parser': 'True', 'debug': 'False', 'version_check': 'True', 'no_print': 'None', 'warn_error_options': 'WarnErrorOptionsV2(error=[], warn=[], silence=[])'}
[0m17:40:40.399185 [debug] [MainThread]: Sending event: {'category': 'dbt', 'action': 'project_id', 'label': '938992d7-9e67-40f2-b3a0-e88c3e54f2e9', 'context': [<snowplow_tracker.self_describing_json.SelfDescribingJson object at 0x000002560F156940>]}
[0m17:40:40.485376 [debug] [MainThread]: Sending event: {'category': 'dbt', 'action': 'adapter_info', 'label': '938992d7-9e67-40f2-b3a0-e88c3e54f2e9', 'context': [<snowplow_tracker.self_describing_json.SelfDescribingJson object at 0x0000025612E31DF0>]}
[0m17:40:40.485376 [info ] [MainThread]: Registered adapter: bigquery=1.10.2
[0m17:40:41.966755 [debug] [MainThread]: checksum: 5335e1629744fab92fa7809c625edbb36f0d7063a879d6215c971798f27e66f9, vars: {}, profile: , target: , version: 1.10.11
[0m17:40:41.968593 [info ] [MainThread]: Unable to do partial parsing because saved manifest not found. Starting full parse.
[0m17:40:41.968593 [debug] [MainThread]: Sending event: {'category': 'dbt', 'action': 'partial_parser', 'label': '938992d7-9e67-40f2-b3a0-e88c3e54f2e9', 'context': [<snowplow_tracker.self_describing_json.SelfDescribingJson object at 0x000002562005F640>]}
[0m17:40:44.211055 [debug] [MainThread]: Sending event: {'category': 'dbt', 'action': 'load_project', 'label': '938992d7-9e67-40f2-b3a0-e88c3e54f2e9', 'context': [<snowplow_tracker.self_describing_json.SelfDescribingJson object at 0x00000256209DE130>]}
[0m17:40:44.332529 [debug] [MainThread]: Wrote artifact WritableManifest to C:\Users\yshoo\Desktop\DataScience\RealEstateAnalytics\dbt_project\target\manifest.json
[0m17:40:44.332529 [debug] [MainThread]: Wrote artifact SemanticManifest to C:\Users\yshoo\Desktop\DataScience\RealEstateAnalytics\dbt_project\target\semantic_manifest.json
[0m17:40:44.403162 [debug] [MainThread]: Sending event: {'category': 'dbt', 'action': 'resource_counts', 'label': '938992d7-9e67-40f2-b3a0-e88c3e54f2e9', 'context': [<snowplow_tracker.self_describing_json.SelfDescribingJson object at 0x00000256209ADB50>]}
[0m17:40:44.407840 [info ] [MainThread]: Found 5 models, 2 sources, 497 macros
[0m17:40:44.407840 [debug] [MainThread]: Sending event: {'category': 'dbt', 'action': 'runnable_timing', 'label': '938992d7-9e67-40f2-b3a0-e88c3e54f2e9', 'context': [<snowplow_tracker.self_describing_json.SelfDescribingJson object at 0x00000256208E96D0>]}
[0m17:40:44.412383 [info ] [MainThread]: 
[0m17:40:44.412383 [info ] [MainThread]: Concurrency: 1 threads (target='dev')
[0m17:40:44.412383 [info ] [MainThread]: 
[0m17:40:44.416395 [debug] [MainThread]: Acquiring new bigquery connection 'master'
[0m17:40:44.424154 [debug] [ThreadPool]: Acquiring new bigquery connection 'list_real-estate-project-2025'
[0m17:40:44.424154 [debug] [ThreadPool]: Opening a new connection, currently in state init
[0m17:40:52.594872 [debug] [ThreadPool]: Opening a new connection, currently in state closed
[0m17:40:53.332560 [debug] [ThreadPool]: Acquiring new bigquery connection 'list_real-estate-project-2025_real_estate_gold'
[0m17:40:53.332560 [debug] [ThreadPool]: Opening a new connection, currently in state init
[0m17:40:54.008624 [debug] [ThreadPool]: Re-using an available connection from the pool (formerly list_real-estate-project-2025_real_estate_gold, now list_real-estate-project-2025_real_estate_silver)
[0m17:40:54.008624 [debug] [ThreadPool]: Opening a new connection, currently in state closed
[0m17:40:54.701805 [debug] [MainThread]: Sending event: {'category': 'dbt', 'action': 'runnable_timing', 'label': '938992d7-9e67-40f2-b3a0-e88c3e54f2e9', 'context': [<snowplow_tracker.self_describing_json.SelfDescribingJson object at 0x000002560F219940>]}
[0m17:40:54.704556 [debug] [MainThread]: Opening a new connection, currently in state init
[0m17:40:54.711681 [debug] [Thread-1  ]: Began running node model.realestate_analytics.stg_zipcodes
[0m17:40:54.713585 [info ] [Thread-1  ]: 1 of 5 START sql view model real_estate_silver.stg_zipcodes .................... [RUN]
[0m17:40:54.713585 [debug] [Thread-1  ]: Acquiring new bigquery connection 'model.realestate_analytics.stg_zipcodes'
[0m17:40:54.713585 [debug] [Thread-1  ]: Began compiling node model.realestate_analytics.stg_zipcodes
[0m17:40:54.729584 [debug] [Thread-1  ]: Writing injected SQL for node "model.realestate_analytics.stg_zipcodes"
[0m17:40:54.729584 [debug] [Thread-1  ]: Began executing node model.realestate_analytics.stg_zipcodes
[0m17:40:54.764023 [debug] [Thread-1  ]: Writing runtime sql for node "model.realestate_analytics.stg_zipcodes"
[0m17:40:54.777045 [debug] [Thread-1  ]: On model.realestate_analytics.stg_zipcodes: /* {"app": "dbt", "dbt_version": "1.10.11", "profile_name": "realestate_analytics", "target_name": "dev", "node_id": "model.realestate_analytics.stg_zipcodes"} */


  create or replace view `real-estate-project-2025`.`real_estate_silver`.`stg_zipcodes`
  OPTIONS()
  as -- models/stg_zipcodes.sql

WITH source AS (
    SELECT * FROM `real-estate-project-2025`.`real_estate_bronze`.`raw_zipcode`
)

SELECT
    zipcode,
    prefecture,
    city_name,
    district_name,
     -- â˜…â˜…â˜… æœ€çµ‚ç‰ˆã®å¯¾ç§°ã‚¯ãƒªãƒ¼ãƒ‹ãƒ³ã‚°ãƒ­ã‚¸ãƒƒã‚¯ â˜…â˜…â˜…
    prefecture || city_name ||
        REPLACE(
            REPLACE(
                REGEXP_REPLACE(district_name, r'ï¼ˆ.*?ï¼‰', ''), -- 1. æ‹¬å¼§ã‚’é™¤å»
            'ã‚±', 'ãƒ¶'), -- 2. ã‚±ã‚’ãƒ¶ã«çµ±ä¸€
        'æ¾¤', 'æ²¢') -- 3. æ¾¤ã‚’æ²¢ã«çµ±ä¸€
    AS address_key
FROM
    source;


[0m17:40:54.777045 [debug] [Thread-1  ]: Opening a new connection, currently in state init
[0m17:40:55.630067 [debug] [Thread-1  ]: BigQuery adapter: https://console.cloud.google.com/bigquery?project=real-estate-project-2025&j=bq:asia-northeast1:f8f71394-6fc0-49df-9276-8d245901213e&page=queryresults
[0m17:40:56.621147 [debug] [Thread-1  ]: Sending event: {'category': 'dbt', 'action': 'run_model', 'label': '938992d7-9e67-40f2-b3a0-e88c3e54f2e9', 'context': [<snowplow_tracker.self_describing_json.SelfDescribingJson object at 0x0000025621AC20D0>]}
[0m17:40:56.633322 [info ] [Thread-1  ]: 1 of 5 OK created sql view model real_estate_silver.stg_zipcodes ............... [[32mCREATE VIEW (0 processed)[0m in 1.91s]
[0m17:40:56.635083 [debug] [Thread-1  ]: Finished running node model.realestate_analytics.stg_zipcodes
[0m17:40:56.635083 [debug] [Thread-1  ]: Began running node model.realestate_analytics.stg_transactions
[0m17:40:56.637377 [info ] [Thread-1  ]: 2 of 5 START sql view model real_estate_silver.stg_transactions ................ [RUN]
[0m17:40:56.638672 [debug] [Thread-1  ]: Re-using an available connection from the pool (formerly model.realestate_analytics.stg_zipcodes, now model.realestate_analytics.stg_transactions)
[0m17:40:56.639983 [debug] [Thread-1  ]: Began compiling node model.realestate_analytics.stg_transactions
[0m17:40:56.649295 [debug] [Thread-1  ]: Writing injected SQL for node "model.realestate_analytics.stg_transactions"
[0m17:40:56.650767 [debug] [Thread-1  ]: Began executing node model.realestate_analytics.stg_transactions
[0m17:40:56.655960 [debug] [Thread-1  ]: Writing runtime sql for node "model.realestate_analytics.stg_transactions"
[0m17:40:56.657967 [debug] [Thread-1  ]: On model.realestate_analytics.stg_transactions: /* {"app": "dbt", "dbt_version": "1.10.11", "profile_name": "realestate_analytics", "target_name": "dev", "node_id": "model.realestate_analytics.stg_transactions"} */


  create or replace view `real-estate-project-2025`.`real_estate_silver`.`stg_transactions`
  OPTIONS()
  as -- configã‚’å‰Šé™¤ã—ã€ãƒã‚¯ãƒ­å‘¼ã³å‡ºã—ã«ä¿®æ­£ã—ãŸæœ€çµ‚ç‰ˆ
WITH zipcodes AS (
    SELECT * FROM `real-estate-project-2025`.`real_estate_silver`.`stg_zipcodes`
),

source AS (
    SELECT * FROM `real-estate-project-2025`.`real_estate_bronze`.`raw_land`
    WHERE type NOT IN ('æ—åœ°', 'è¾²åœ°')
),

interim AS (
    SELECT
        type AS transaction_type,
        price_info_type,
        prefecture,
        city_name,
        district_name,
        station_name,
        distance_to_station_min,
        SAFE_CAST(total_price AS INT64) AS total_price_jpy,
        SAFE_CAST(price_per_tsubo AS INT64) AS price_per_tsubo_jpy,
        floor_plan,
        SAFE_CAST(area_sq_m AS INT64) AS area_sq_m,
        SAFE_CAST(price_per_sq_m AS INT64) AS price_per_sq_m,
        land_shape,
        SAFE_CAST(frontage AS FLOAT64) AS frontage_m,
        SAFE_CAST(total_floor_area_sq_m AS INT64) AS total_floor_area_sq_m,
        building_structure,
        purpose,
        future_purpose,
        road_direction,
        road_type,
        SAFE_CAST(road_width_m AS FLOAT64) AS road_width_m,
        city_planning,
        SAFE_CAST(building_coverage_ratio_pct AS INT64) AS building_coverage_ratio_pct,
        SAFE_CAST(floor_area_ratio_pct AS INT64) AS floor_area_ratio_pct,
        CAST(
            REPLACE(REPLACE(REPLACE(REPLACE(transaction_period, 'å¹´ç¬¬1å››åŠæœŸ', '-01-01'), 'å¹´ç¬¬2å››åŠæœŸ', '-04-01'), 'å¹´ç¬¬3å››åŠæœŸ', '-07-01'), 'å¹´ç¬¬4å››åŠæœŸ', '-10-01')
        AS DATE) AS transaction_date,
        renovation,
        special_notes,
        CASE
            WHEN STARTS_WITH(built_year, 'æ˜­å’Œ') THEN 1925 + SAFE_CAST(REGEXP_EXTRACT(built_year, r'(\d+)') AS INT64)
            WHEN STARTS_WITH(built_year, 'å¹³æˆ') THEN 1988 + SAFE_CAST(REGEXP_EXTRACT(built_year, r'(\d+)') AS INT64)
            WHEN STARTS_WITH(built_year, 'ä»¤å’Œ') THEN 2018 + SAFE_CAST(REGEXP_EXTRACT(built_year, r'(\d+)') AS INT64)
            ELSE SAFE_CAST(REGEXP_EXTRACT(built_year, r'(\d+)') AS INT64)
        END AS built_year_ad,
        CASE
            WHEN floor_plan IN ('ï¼‘ï¼²', 'ï¼‘ï¼«', 'ã‚¹ã‚¿ã‚¸ã‚ª', 'ã‚ªãƒ¼ãƒ—ãƒ³ãƒ•ãƒ­ã‚¢') THEN '1 Room'
            WHEN floor_plan = 'ï¼‘ï¼¤ï¼«' THEN '1DK'
            WHEN floor_plan = 'ï¼‘ï¼¬ï¼¤ï¼«' THEN '1LDK'
            WHEN floor_plan IN ('ï¼’ï¼«', 'ï¼’ï¼¤ï¼«') THEN '2K/DK'
            WHEN floor_plan = 'ï¼’ï¼¬ï¼¤ï¼«' THEN '2LDK'
            WHEN floor_plan IN ('ï¼“ï¼«', 'ï¼“ï¼¤ï¼«') THEN '3K/DK'
            WHEN floor_plan = 'ï¼“ï¼¬ï¼¤ï¼«' THEN '3LDK'
            WHEN floor_plan LIKE 'ï¼”%' OR floor_plan LIKE 'ï¼•%' OR floor_plan LIKE 'ï¼–%' OR floor_plan LIKE 'ï¼—%' THEN '4 Rooms+'
            ELSE 'Other'
        END AS floor_plan_category,
        CASE
            WHEN building_structure = 'ï¼³ï¼²ï¼£' THEN 'SRC'
            WHEN building_structure = 'ï¼²ï¼£' THEN 'RC'
            WHEN building_structure IN ('é‰„éª¨é€ ', 'è»½é‡é‰„éª¨é€ ') THEN 'é‰„éª¨é€ '
            WHEN building_structure = 'æœ¨é€ ' THEN 'æœ¨é€ '
            WHEN building_structure LIKE '%ï¼³ï¼²ï¼£%' OR building_structure LIKE '%ï¼²ï¼£%' THEN 'è¤‡åˆSRC/RC'
            WHEN building_structure LIKE '%é‰„éª¨%' THEN 'è¤‡åˆé‰„éª¨'
            WHEN building_structure LIKE '%æœ¨é€ %' THEN 'è¤‡åˆæœ¨é€ '
            WHEN building_structure IS NULL THEN NULL
            ELSE 'ãã®ä»–'
        END AS building_structure_category,
        prefecture || city_name || 
            REPLACE(
                REPLACE(
                    REGEXP_REPLACE(
                        REGEXP_REPLACE(district_name, r'^å¤§å­—', ''),
                    r'ï¼ˆ.*?ï¼‰', ''),
                'ã‚±', 'ãƒ¶'),
            'æ¾¤', 'æ²¢')
        AS address_key

    FROM source
),

joined AS (
    SELECT
        interim.*,
        zipcodes.zipcode
    FROM
        interim
    LEFT JOIN zipcodes
        ON interim.address_key = zipcodes.address_key
),

final AS (
    SELECT
        * EXCEPT(distance_to_station_min), -- å…ƒã®æ–‡å­—åˆ—ã‚«ãƒ©ãƒ ã‚’é™¤å¤–

        CAST(
            CASE
                -- 'ï½'ã‹'~'ã‚’å«ã‚€ç¯„å›²ã®å ´åˆ
                WHEN REGEXP_CONTAINS(distance_to_station_min, 'ï½|~') THEN
                    (
                        -- å‰åŠéƒ¨åˆ†ã‚’ãƒã‚¯ãƒ­ã§å¤‰æ›
                        
    CAST(
        -- 'H'ã®å‰ã®æ•°å€¤ (æ™‚é–“) ã‚’åˆ†ã«å¤‰æ›
        COALESCE(SAFE_CAST(REGEXP_EXTRACT(SPLIT(REPLACE(distance_to_station_min, '~', 'ï½'), 'ï½')[SAFE_OFFSET(0)], r'(\d+)H') AS INT64), 0) * 60 +
        -- 'H'ã®å¾Œã®æ•°å€¤ (åˆ†) ã‚’å–å¾—
        COALESCE(SAFE_CAST(REGEXP_EXTRACT(SPLIT(REPLACE(distance_to_station_min, '~', 'ï½'), 'ï½')[SAFE_OFFSET(0)], r'H(\d+)') AS INT64), 0) +
        -- 'H'ãŒå«ã¾ã‚Œãªã„å ´åˆã®æ•°å€¤ (åˆ†) ã‚’å–å¾—
        CASE
            WHEN NOT REGEXP_CONTAINS(SPLIT(REPLACE(distance_to_station_min, '~', 'ï½'), 'ï½')[SAFE_OFFSET(0)], 'H') THEN COALESCE(SAFE_CAST(REGEXP_EXTRACT(SPLIT(REPLACE(distance_to_station_min, '~', 'ï½'), 'ï½')[SAFE_OFFSET(0)], r'(\d+)') AS INT64), 0)
            ELSE 0
        END
    AS INT64)

                        +
                        -- å¾ŒåŠéƒ¨åˆ†ã‚’ãƒã‚¯ãƒ­ã§å¤‰æ›ã€‚ãŸã ã—'2Hï½'ã®ã‚ˆã†ã«å¾ŒåŠãŒãªã„å ´åˆã¯ã€å‰åŠã¨åŒã˜å€¤ã‚’ä½¿ã†
                        COALESCE(
                            
    CAST(
        -- 'H'ã®å‰ã®æ•°å€¤ (æ™‚é–“) ã‚’åˆ†ã«å¤‰æ›
        COALESCE(SAFE_CAST(REGEXP_EXTRACT(SPLIT(REPLACE(distance_to_station_min, '~', 'ï½'), 'ï½')[SAFE_OFFSET(1)], r'(\d+)H') AS INT64), 0) * 60 +
        -- 'H'ã®å¾Œã®æ•°å€¤ (åˆ†) ã‚’å–å¾—
        COALESCE(SAFE_CAST(REGEXP_EXTRACT(SPLIT(REPLACE(distance_to_station_min, '~', 'ï½'), 'ï½')[SAFE_OFFSET(1)], r'H(\d+)') AS INT64), 0) +
        -- 'H'ãŒå«ã¾ã‚Œãªã„å ´åˆã®æ•°å€¤ (åˆ†) ã‚’å–å¾—
        CASE
            WHEN NOT REGEXP_CONTAINS(SPLIT(REPLACE(distance_to_station_min, '~', 'ï½'), 'ï½')[SAFE_OFFSET(1)], 'H') THEN COALESCE(SAFE_CAST(REGEXP_EXTRACT(SPLIT(REPLACE(distance_to_station_min, '~', 'ï½'), 'ï½')[SAFE_OFFSET(1)], r'(\d+)') AS INT64), 0)
            ELSE 0
        END
    AS INT64)
,
                            
    CAST(
        -- 'H'ã®å‰ã®æ•°å€¤ (æ™‚é–“) ã‚’åˆ†ã«å¤‰æ›
        COALESCE(SAFE_CAST(REGEXP_EXTRACT(SPLIT(REPLACE(distance_to_station_min, '~', 'ï½'), 'ï½')[SAFE_OFFSET(0)], r'(\d+)H') AS INT64), 0) * 60 +
        -- 'H'ã®å¾Œã®æ•°å€¤ (åˆ†) ã‚’å–å¾—
        COALESCE(SAFE_CAST(REGEXP_EXTRACT(SPLIT(REPLACE(distance_to_station_min, '~', 'ï½'), 'ï½')[SAFE_OFFSET(0)], r'H(\d+)') AS INT64), 0) +
        -- 'H'ãŒå«ã¾ã‚Œãªã„å ´åˆã®æ•°å€¤ (åˆ†) ã‚’å–å¾—
        CASE
            WHEN NOT REGEXP_CONTAINS(SPLIT(REPLACE(distance_to_station_min, '~', 'ï½'), 'ï½')[SAFE_OFFSET(0)], 'H') THEN COALESCE(SAFE_CAST(REGEXP_EXTRACT(SPLIT(REPLACE(distance_to_station_min, '~', 'ï½'), 'ï½')[SAFE_OFFSET(0)], r'(\d+)') AS INT64), 0)
            ELSE 0
        END
    AS INT64)

                        )
                    ) / 2
                -- ç¯„å›²ã§ã¯ãªã„å˜ç´”ãªå€¤ã®å ´åˆ
                ELSE 
    CAST(
        -- 'H'ã®å‰ã®æ•°å€¤ (æ™‚é–“) ã‚’åˆ†ã«å¤‰æ›
        COALESCE(SAFE_CAST(REGEXP_EXTRACT(distance_to_station_min, r'(\d+)H') AS INT64), 0) * 60 +
        -- 'H'ã®å¾Œã®æ•°å€¤ (åˆ†) ã‚’å–å¾—
        COALESCE(SAFE_CAST(REGEXP_EXTRACT(distance_to_station_min, r'H(\d+)') AS INT64), 0) +
        -- 'H'ãŒå«ã¾ã‚Œãªã„å ´åˆã®æ•°å€¤ (åˆ†) ã‚’å–å¾—
        CASE
            WHEN NOT REGEXP_CONTAINS(distance_to_station_min, 'H') THEN COALESCE(SAFE_CAST(REGEXP_EXTRACT(distance_to_station_min, r'(\d+)') AS INT64), 0)
            ELSE 0
        END
    AS INT64)

            END
        AS INT64) AS distance_to_station_min -- ã‚¯ãƒ¬ãƒ³ã‚¸ãƒ³ã‚°å¾Œã®å€¤ã‚’å…ƒã®ã‚«ãƒ©ãƒ åã§ä½œæˆ

    FROM joined
)

SELECT
    transaction_type,
    price_info_type,
    zipcode,
    prefecture,
    city_name,
    district_name,
    station_name,
    distance_to_station_min,
    total_price_jpy,
    price_per_tsubo_jpy,
    floor_plan,
    floor_plan_category,
    area_sq_m,
    price_per_sq_m,
    land_shape,
    frontage_m,
    total_floor_area_sq_m,
    built_year_ad AS built_year,
    EXTRACT(YEAR FROM transaction_date) - built_year_ad AS building_age_at_transaction,
    building_structure,
    building_structure_category,
    purpose,
    future_purpose,
    road_direction,
    road_type,
    road_width_m,
    city_planning,
    building_coverage_ratio_pct,
    floor_area_ratio_pct,
    transaction_date,
    renovation,
    special_notes
FROM final
WHERE
    city_name NOT IN ('ä¸‰å®…æ‘', 'å…«ä¸ˆç”º', 'æ–°å³¶æ‘', 'å¤§å³¶ç”º', 'ç¥æ´¥å³¶æ‘', 'é’ã‚±å³¶æ‘', 'å¾¡è”µå³¶æ‘', 'åˆ©å³¶æ‘', 'å°ç¬ åŸæ‘')
    AND district_name IS NOT NULL
    AND district_name != ''
    AND district_name != 'ï¼ˆå¤§å­—ãªã—ï¼‰';


[0m17:40:56.659976 [debug] [Thread-1  ]: Opening a new connection, currently in state closed
[0m17:40:58.387576 [debug] [Thread-1  ]: BigQuery adapter: https://console.cloud.google.com/bigquery?project=real-estate-project-2025&j=bq:asia-northeast1:c2b7dbe6-49c0-42c8-ade1-318019410717&page=queryresults
[0m17:40:58.760889 [debug] [Thread-1  ]: Sending event: {'category': 'dbt', 'action': 'run_model', 'label': '938992d7-9e67-40f2-b3a0-e88c3e54f2e9', 'context': [<snowplow_tracker.self_describing_json.SelfDescribingJson object at 0x0000025621E93130>]}
[0m17:40:58.762897 [info ] [Thread-1  ]: 2 of 5 OK created sql view model real_estate_silver.stg_transactions ........... [[32mCREATE VIEW (0 processed)[0m in 2.12s]
[0m17:40:58.762897 [debug] [Thread-1  ]: Finished running node model.realestate_analytics.stg_transactions
[0m17:40:58.762897 [debug] [Thread-1  ]: Began running node model.realestate_analytics.dim_addresses
[0m17:40:58.766619 [info ] [Thread-1  ]: 3 of 5 START sql view model real_estate_gold.dim_addresses ..................... [RUN]
[0m17:40:58.767965 [debug] [Thread-1  ]: Re-using an available connection from the pool (formerly model.realestate_analytics.stg_transactions, now model.realestate_analytics.dim_addresses)
[0m17:40:58.767965 [debug] [Thread-1  ]: Began compiling node model.realestate_analytics.dim_addresses
[0m17:40:58.772989 [debug] [Thread-1  ]: Writing injected SQL for node "model.realestate_analytics.dim_addresses"
[0m17:40:58.777009 [debug] [Thread-1  ]: Began executing node model.realestate_analytics.dim_addresses
[0m17:40:58.781028 [debug] [Thread-1  ]: Writing runtime sql for node "model.realestate_analytics.dim_addresses"
[0m17:40:58.785614 [debug] [Thread-1  ]: On model.realestate_analytics.dim_addresses: /* {"app": "dbt", "dbt_version": "1.10.11", "profile_name": "realestate_analytics", "target_name": "dev", "node_id": "model.realestate_analytics.dim_addresses"} */


  create or replace view `real-estate-project-2025`.`real_estate_gold`.`dim_addresses`
  OPTIONS()
  as -- Goldå±¤ãƒ¢ãƒ‡ãƒ«: ä½æ‰€ãƒ‡ã‚£ãƒ¡ãƒ³ã‚·ãƒ§ãƒ³ãƒ†ãƒ¼ãƒ–ãƒ«

WITH source AS (
    SELECT DISTINCT
        zipcode,
        prefecture,
        city_name,
        district_name
    FROM
        `real-estate-project-2025`.`real_estate_silver`.`stg_transactions`
    WHERE
        zipcode IS NOT NULL
        AND prefecture IS NOT NULL
        AND city_name IS NOT NULL
        AND district_name IS NOT NULL
)
SELECT
    -- ä½æ‰€ã®ä»£ç†ã‚­ãƒ¼ (ä¸»ã‚­ãƒ¼) ã‚’ä½œæˆ
    -- FARM_FINGERPRINTé–¢æ•°ã§ã€å„ä½æ‰€ã‚³ãƒ³ãƒãƒ¼ãƒãƒ³ãƒˆã‚’çµ„ã¿åˆã‚ã›ã¦ãƒ¦ãƒ‹ãƒ¼ã‚¯ãªIDã‚’ç”Ÿæˆ
    FARM_FINGERPRINT(
        CONCAT(
            CAST(zipcode AS STRING),
            prefecture,
            city_name,
            district_name
        )
    ) AS address_id,
    
    -- ä½æ‰€ã®å„ã‚³ãƒ³ãƒãƒ¼ãƒãƒ³ãƒˆ
    zipcode,
    prefecture,
    city_name,
    district_name
FROM
    source;


[0m17:40:58.786630 [debug] [Thread-1  ]: Opening a new connection, currently in state closed
[0m17:41:00.553905 [debug] [Thread-1  ]: BigQuery adapter: https://console.cloud.google.com/bigquery?project=real-estate-project-2025&j=bq:asia-northeast1:a9c044fa-e094-40ef-b405-44316b311f5b&page=queryresults
[0m17:41:01.065537 [debug] [Thread-1  ]: Sending event: {'category': 'dbt', 'action': 'run_model', 'label': '938992d7-9e67-40f2-b3a0-e88c3e54f2e9', 'context': [<snowplow_tracker.self_describing_json.SelfDescribingJson object at 0x0000025611F25B80>]}
[0m17:41:01.065537 [info ] [Thread-1  ]: 3 of 5 OK created sql view model real_estate_gold.dim_addresses ................ [[32mCREATE VIEW (0 processed)[0m in 2.30s]
[0m17:41:01.071311 [debug] [Thread-1  ]: Finished running node model.realestate_analytics.dim_addresses
[0m17:41:01.072492 [debug] [Thread-1  ]: Began running node model.realestate_analytics.fct_transactions
[0m17:41:01.073807 [info ] [Thread-1  ]: 4 of 5 START sql view model real_estate_gold.fct_transactions .................. [RUN]
[0m17:41:01.073807 [debug] [Thread-1  ]: Re-using an available connection from the pool (formerly model.realestate_analytics.dim_addresses, now model.realestate_analytics.fct_transactions)
[0m17:41:01.073807 [debug] [Thread-1  ]: Began compiling node model.realestate_analytics.fct_transactions
[0m17:41:01.084388 [debug] [Thread-1  ]: Writing injected SQL for node "model.realestate_analytics.fct_transactions"
[0m17:41:01.084388 [debug] [Thread-1  ]: Began executing node model.realestate_analytics.fct_transactions
[0m17:41:01.088608 [debug] [Thread-1  ]: Writing runtime sql for node "model.realestate_analytics.fct_transactions"
[0m17:41:01.088608 [debug] [Thread-1  ]: On model.realestate_analytics.fct_transactions: /* {"app": "dbt", "dbt_version": "1.10.11", "profile_name": "realestate_analytics", "target_name": "dev", "node_id": "model.realestate_analytics.fct_transactions"} */


  create or replace view `real-estate-project-2025`.`real_estate_gold`.`fct_transactions`
  OPTIONS()
  as -- Goldå±¤ãƒ¢ãƒ‡ãƒ«: åˆ†æã®å…ƒã¨ãªã‚‹ãƒ•ã‚¡ã‚¯ãƒˆãƒ†ãƒ¼ãƒ–ãƒ«

WITH source AS (
    SELECT
        *
    FROM
        `real-estate-project-2025`.`real_estate_silver`.`stg_transactions`
)
SELECT
    -- å–å¼•ã®åŸºæœ¬æƒ…å ±
    transaction_date,
    transaction_type,
    price_info_type,

    -- ä¾¡æ ¼æƒ…å ±
    total_price_jpy,
    price_per_sq_m,
    price_per_tsubo_jpy,

    -- åœ°ç†æƒ…å ± (ãƒ‡ã‚£ãƒ¡ãƒ³ã‚·ãƒ§ãƒ³ãƒ†ãƒ¼ãƒ–ãƒ«ã¨ã®çµåˆã‚­ãƒ¼ + é§…å)
    zipcode,
    station_name,

    -- ç‰©ä»¶ã®ã‚¹ãƒšãƒƒã‚¯
    area_sq_m,
    floor_plan,
    floor_plan_category,
    building_structure,
    building_structure_category,
    built_year,
    building_age_at_transaction,
    total_floor_area_sq_m,
    renovation,

    -- åœŸåœ°ãƒ»å‘¨è¾ºç’°å¢ƒã®æƒ…å ±
    distance_to_station_min,
    land_shape,
    frontage_m,
    road_direction,
    road_type,
    road_width_m,
    city_planning,
    building_coverage_ratio_pct,
    floor_area_ratio_pct,

    -- åˆ©ç”¨ç›®çš„
    purpose,
    future_purpose

FROM source;


[0m17:41:01.094582 [debug] [Thread-1  ]: Opening a new connection, currently in state closed
[0m17:41:02.892238 [debug] [Thread-1  ]: BigQuery adapter: https://console.cloud.google.com/bigquery?project=real-estate-project-2025&j=bq:asia-northeast1:437d6c56-8552-4928-9650-3bdfc0c83932&page=queryresults
[0m17:41:03.130166 [debug] [Thread-1  ]: Sending event: {'category': 'dbt', 'action': 'run_model', 'label': '938992d7-9e67-40f2-b3a0-e88c3e54f2e9', 'context': [<snowplow_tracker.self_describing_json.SelfDescribingJson object at 0x0000025621ED7F10>]}
[0m17:41:03.132175 [info ] [Thread-1  ]: 4 of 5 OK created sql view model real_estate_gold.fct_transactions ............. [[32mCREATE VIEW (0 processed)[0m in 2.06s]
[0m17:41:03.133932 [debug] [Thread-1  ]: Finished running node model.realestate_analytics.fct_transactions
[0m17:41:03.133932 [debug] [Thread-1  ]: Began running node model.realestate_analytics.mart_avg_price_by_city
[0m17:41:03.133932 [info ] [Thread-1  ]: 5 of 5 START sql view model real_estate_gold.mart_avg_price_by_city ............ [RUN]
[0m17:41:03.133932 [debug] [Thread-1  ]: Re-using an available connection from the pool (formerly model.realestate_analytics.fct_transactions, now model.realestate_analytics.mart_avg_price_by_city)
[0m17:41:03.133932 [debug] [Thread-1  ]: Began compiling node model.realestate_analytics.mart_avg_price_by_city
[0m17:41:03.140551 [debug] [Thread-1  ]: Writing injected SQL for node "model.realestate_analytics.mart_avg_price_by_city"
[0m17:41:03.140551 [debug] [Thread-1  ]: Began executing node model.realestate_analytics.mart_avg_price_by_city
[0m17:41:03.152061 [debug] [Thread-1  ]: Writing runtime sql for node "model.realestate_analytics.mart_avg_price_by_city"
[0m17:41:03.152061 [debug] [Thread-1  ]: On model.realestate_analytics.mart_avg_price_by_city: /* {"app": "dbt", "dbt_version": "1.10.11", "profile_name": "realestate_analytics", "target_name": "dev", "node_id": "model.realestate_analytics.mart_avg_price_by_city"} */


  create or replace view `real-estate-project-2025`.`real_estate_gold`.`mart_avg_price_by_city`
  OPTIONS()
  as -- Goldå±¤ãƒ¢ãƒ‡ãƒ«: å¸‚åŒºç”ºæ‘ã”ã¨ã®ä¸å‹•ç”£å–å¼•ã‚µãƒãƒªãƒ¼

WITH transactions AS (
    SELECT
        *
    FROM
        `real-estate-project-2025`.`real_estate_silver`.`stg_transactions`
)
SELECT
    -- é›†è¨ˆå˜ä½ (ã‚­ãƒ¼)
    prefecture,
    city_name,

    -- é›†è¨ˆå€¤ (ãƒ¡ãƒˆãƒªã‚¯ã‚¹)
    -- å¹³å‡å¹³ç±³å˜ä¾¡ (å°æ•°ç‚¹ä»¥ä¸‹ã‚’åˆ‡ã‚Šä¸Šã’)
    CAST(CEILING(AVG(price_per_sq_m)) AS INT64) AS avg_price_per_sq_m,
    -- å¹³ç±³å˜ä¾¡ã®ä¸­å¤®å€¤
    APPROX_QUANTILES(price_per_sq_m, 2)[SAFE_OFFSET(0)] AS median_price_per_sq_m,
    -- å–å¼•æ™‚ã®å¹³å‡ç¯‰å¹´æ•° (å°æ•°ç‚¹ä»¥ä¸‹ã‚’åˆ‡ã‚Šä¸Šã’)
    CAST(CEILING(AVG(building_age_at_transaction)) AS INT64) AS avg_building_age,
    -- é§…ã‹ã‚‰ã®å¹³å‡è·é›¢ (åˆ†) (å°æ•°ç‚¹ä»¥ä¸‹ã‚’åˆ‡ã‚Šä¸Šã’)
    CAST(CEILING(AVG(distance_to_station_min)) AS INT64) AS avg_distance_to_station,
    -- å–å¼•ä»¶æ•°
    COUNT(*) AS transaction_count
FROM
    transactions
GROUP BY
    1, 2 -- prefecture, city_name
ORDER BY
    transaction_count DESC;


[0m17:41:03.155668 [debug] [Thread-1  ]: Opening a new connection, currently in state closed
[0m17:41:04.929317 [debug] [Thread-1  ]: BigQuery adapter: https://console.cloud.google.com/bigquery?project=real-estate-project-2025&j=bq:asia-northeast1:ff295c9d-3283-472e-97c2-5b0df1f65fa5&page=queryresults
[0m17:41:05.378764 [debug] [Thread-1  ]: Sending event: {'category': 'dbt', 'action': 'run_model', 'label': '938992d7-9e67-40f2-b3a0-e88c3e54f2e9', 'context': [<snowplow_tracker.self_describing_json.SelfDescribingJson object at 0x0000025621ED7F10>]}
[0m17:41:05.380772 [info ] [Thread-1  ]: 5 of 5 OK created sql view model real_estate_gold.mart_avg_price_by_city ....... [[32mCREATE VIEW (0 processed)[0m in 2.24s]
[0m17:41:05.380772 [debug] [Thread-1  ]: Finished running node model.realestate_analytics.mart_avg_price_by_city
[0m17:41:05.384259 [debug] [MainThread]: Opening a new connection, currently in state closed
[0m17:41:05.384259 [debug] [MainThread]: Connection 'master' was properly closed.
[0m17:41:05.386152 [debug] [MainThread]: Connection 'list_real-estate-project-2025' was properly closed.
[0m17:41:05.386152 [debug] [MainThread]: Connection 'list_real-estate-project-2025_real_estate_silver' was properly closed.
[0m17:41:05.386152 [debug] [MainThread]: Connection 'model.realestate_analytics.mart_avg_price_by_city' was properly closed.
[0m17:41:05.386152 [info ] [MainThread]: 
[0m17:41:05.386152 [info ] [MainThread]: Finished running 5 view models in 0 hours 0 minutes and 20.97 seconds (20.97s).
[0m17:41:05.392474 [debug] [MainThread]: Command end result
[0m17:41:05.647234 [debug] [MainThread]: Wrote artifact WritableManifest to C:\Users\yshoo\Desktop\DataScience\RealEstateAnalytics\dbt_project\target\manifest.json
[0m17:41:05.659722 [debug] [MainThread]: Wrote artifact SemanticManifest to C:\Users\yshoo\Desktop\DataScience\RealEstateAnalytics\dbt_project\target\semantic_manifest.json
[0m17:41:05.670770 [debug] [MainThread]: Wrote artifact RunExecutionResult to C:\Users\yshoo\Desktop\DataScience\RealEstateAnalytics\dbt_project\target\run_results.json
[0m17:41:05.670770 [info ] [MainThread]: 
[0m17:41:05.670770 [info ] [MainThread]: [32mCompleted successfully[0m
[0m17:41:05.670770 [info ] [MainThread]: 
[0m17:41:05.674417 [info ] [MainThread]: Done. PASS=5 WARN=0 ERROR=0 SKIP=0 NO-OP=0 TOTAL=5
[0m17:41:05.676721 [debug] [MainThread]: Command `dbt run` succeeded at 17:41:05.676721 after 33.53 seconds
[0m17:41:05.676721 [debug] [MainThread]: Sending event: {'category': 'dbt', 'action': 'invocation', 'label': 'end', 'context': [<snowplow_tracker.self_describing_json.SelfDescribingJson object at 0x0000025610BBFDC0>, <snowplow_tracker.self_describing_json.SelfDescribingJson object at 0x0000025612589490>, <snowplow_tracker.self_describing_json.SelfDescribingJson object at 0x00000256105CE880>]}
[0m17:41:05.676721 [debug] [MainThread]: Flushing usage events
[0m17:41:07.120608 [debug] [MainThread]: An error was encountered while trying to flush usage events
[0m17:43:29.855229 [debug] [MainThread]: Sending event: {'category': 'dbt', 'action': 'invocation', 'label': 'start', 'context': [<snowplow_tracker.self_describing_json.SelfDescribingJson object at 0x000001F9DE79FEE0>, <snowplow_tracker.self_describing_json.SelfDescribingJson object at 0x000001F9E0A442B0>, <snowplow_tracker.self_describing_json.SelfDescribingJson object at 0x000001F9E0A44160>]}


============================== 17:43:29.859948 | 678d7165-56c9-4916-adb1-8581d7f12e3c ==============================
[0m17:43:29.859948 [info ] [MainThread]: Running with dbt=1.10.11
[0m17:43:29.861700 [debug] [MainThread]: running dbt with arguments {'no_print': 'None', 'warn_error': 'None', 'log_cache_events': 'False', 'partial_parse': 'True', 'invocation_command': 'dbt run --select fct_transactions', 'log_path': 'C:\\Users\\yshoo\\Desktop\\DataScience\\RealEstateAnalytics\\dbt_project\\logs', 'write_json': 'True', 'log_format': 'default', 'indirect_selection': 'eager', 'cache_selected_only': 'False', 'target_path': 'None', 'profiles_dir': 'C:\\Users\\yshoo\\.dbt', 'printer_width': '80', 'use_colors': 'True', 'introspect': 'True', 'fail_fast': 'False', 'send_anonymous_usage_stats': 'True', 'empty': 'False', 'use_experimental_parser': 'False', 'static_parser': 'True', 'debug': 'False', 'version_check': 'True', 'quiet': 'False', 'warn_error_options': 'WarnErrorOptionsV2(error=[], warn=[], silence=[])'}
[0m17:43:34.934648 [debug] [MainThread]: Sending event: {'category': 'dbt', 'action': 'project_id', 'label': '678d7165-56c9-4916-adb1-8581d7f12e3c', 'context': [<snowplow_tracker.self_describing_json.SelfDescribingJson object at 0x000001F9DCB78850>]}
[0m17:43:35.050227 [debug] [MainThread]: Sending event: {'category': 'dbt', 'action': 'adapter_info', 'label': '678d7165-56c9-4916-adb1-8581d7f12e3c', 'context': [<snowplow_tracker.self_describing_json.SelfDescribingJson object at 0x000001F9E0213280>]}
[0m17:43:35.052237 [info ] [MainThread]: Registered adapter: bigquery=1.10.2
[0m17:43:36.754243 [debug] [MainThread]: checksum: 5335e1629744fab92fa7809c625edbb36f0d7063a879d6215c971798f27e66f9, vars: {}, profile: , target: , version: 1.10.11
[0m17:43:37.299097 [debug] [MainThread]: Partial parsing enabled: 1 files deleted, 0 files added, 1 files changed.
[0m17:43:37.301105 [debug] [MainThread]: Partial parsing: deleted file: realestate_analytics://models\marts\mart_avg_price_by_city.sql
[0m17:43:37.301105 [debug] [MainThread]: Partial parsing: updated file: realestate_analytics://models\marts\fct_transactions.sql
[0m17:43:37.713563 [debug] [MainThread]: Sending event: {'category': 'dbt', 'action': 'load_project', 'label': '678d7165-56c9-4916-adb1-8581d7f12e3c', 'context': [<snowplow_tracker.self_describing_json.SelfDescribingJson object at 0x000001F9EE437130>]}
[0m17:43:37.853644 [debug] [MainThread]: Wrote artifact WritableManifest to C:\Users\yshoo\Desktop\DataScience\RealEstateAnalytics\dbt_project\target\manifest.json
[0m17:43:37.858330 [debug] [MainThread]: Wrote artifact SemanticManifest to C:\Users\yshoo\Desktop\DataScience\RealEstateAnalytics\dbt_project\target\semantic_manifest.json
[0m17:43:37.897563 [debug] [MainThread]: Sending event: {'category': 'dbt', 'action': 'resource_counts', 'label': '678d7165-56c9-4916-adb1-8581d7f12e3c', 'context': [<snowplow_tracker.self_describing_json.SelfDescribingJson object at 0x000001F9EE11D430>]}
[0m17:43:37.897563 [info ] [MainThread]: Found 4 models, 2 sources, 497 macros
[0m17:43:37.899736 [debug] [MainThread]: Sending event: {'category': 'dbt', 'action': 'runnable_timing', 'label': '678d7165-56c9-4916-adb1-8581d7f12e3c', 'context': [<snowplow_tracker.self_describing_json.SelfDescribingJson object at 0x000001F9EE3D6040>]}
[0m17:43:37.901097 [info ] [MainThread]: 
[0m17:43:37.902891 [info ] [MainThread]: Concurrency: 1 threads (target='dev')
[0m17:43:37.902891 [info ] [MainThread]: 
[0m17:43:37.905409 [debug] [MainThread]: Acquiring new bigquery connection 'master'
[0m17:43:37.905409 [debug] [ThreadPool]: Acquiring new bigquery connection 'list_real-estate-project-2025'
[0m17:43:37.908339 [debug] [ThreadPool]: Opening a new connection, currently in state init
[0m17:43:41.091227 [debug] [ThreadPool]: Acquiring new bigquery connection 'list_real-estate-project-2025_real_estate_silver'
[0m17:43:41.094096 [debug] [ThreadPool]: Opening a new connection, currently in state init
[0m17:43:41.827657 [debug] [ThreadPool]: Re-using an available connection from the pool (formerly list_real-estate-project-2025_real_estate_silver, now list_real-estate-project-2025_real_estate_gold)
[0m17:43:41.830559 [debug] [ThreadPool]: Opening a new connection, currently in state closed
[0m17:43:42.559213 [debug] [MainThread]: Sending event: {'category': 'dbt', 'action': 'runnable_timing', 'label': '678d7165-56c9-4916-adb1-8581d7f12e3c', 'context': [<snowplow_tracker.self_describing_json.SelfDescribingJson object at 0x000001F9E020DE50>]}
[0m17:43:42.560380 [debug] [MainThread]: Opening a new connection, currently in state init
[0m17:43:42.567463 [debug] [Thread-1  ]: Began running node model.realestate_analytics.fct_transactions
[0m17:43:42.568461 [info ] [Thread-1  ]: 1 of 1 START sql view model real_estate_gold.fct_transactions .................. [RUN]
[0m17:43:42.569501 [debug] [Thread-1  ]: Acquiring new bigquery connection 'model.realestate_analytics.fct_transactions'
[0m17:43:42.570978 [debug] [Thread-1  ]: Began compiling node model.realestate_analytics.fct_transactions
[0m17:43:42.582610 [debug] [Thread-1  ]: Writing injected SQL for node "model.realestate_analytics.fct_transactions"
[0m17:43:42.587171 [debug] [Thread-1  ]: Began executing node model.realestate_analytics.fct_transactions
[0m17:43:42.630375 [debug] [Thread-1  ]: Writing runtime sql for node "model.realestate_analytics.fct_transactions"
[0m17:43:42.634934 [debug] [Thread-1  ]: On model.realestate_analytics.fct_transactions: /* {"app": "dbt", "dbt_version": "1.10.11", "profile_name": "realestate_analytics", "target_name": "dev", "node_id": "model.realestate_analytics.fct_transactions"} */


  create or replace view `real-estate-project-2025`.`real_estate_gold`.`fct_transactions`
  OPTIONS()
  as -- Goldå±¤ãƒ¢ãƒ‡ãƒ«: åˆ†æã®å…ƒã¨ãªã‚‹ãƒ•ã‚¡ã‚¯ãƒˆãƒ†ãƒ¼ãƒ–ãƒ«

WITH source AS (
    SELECT
        *
    FROM
        `real-estate-project-2025`.`real_estate_silver`.`stg_transactions`
)
SELECT
    transaction_type,
    price_info_type,
    zipcode,
    station_name,
    distance_to_station_min,
    total_price_jpy,
    price_per_tsubo_jpy,
    floor_plan,
    floor_plan_category,
    area_sq_m,
    price_per_sq_m,
    land_shape,
    frontage_m,
    total_floor_area_sq_m,
    built_year,
    building_age_at_transaction,
    building_structure,
    building_structure_category,
    purpose,
    future_purpose,
    road_direction,
    road_type,
    road_width_m,
    city_planning,
    building_coverage_ratio_pct,
    floor_area_ratio_pct,
    transaction_date,
    renovation
FROM source;


[0m17:43:42.634934 [debug] [Thread-1  ]: Opening a new connection, currently in state init
[0m17:43:43.674424 [debug] [Thread-1  ]: BigQuery adapter: https://console.cloud.google.com/bigquery?project=real-estate-project-2025&j=bq:asia-northeast1:7035a472-3430-4adc-aba5-da64ed6a49be&page=queryresults
[0m17:43:44.272287 [debug] [Thread-1  ]: Sending event: {'category': 'dbt', 'action': 'run_model', 'label': '678d7165-56c9-4916-adb1-8581d7f12e3c', 'context': [<snowplow_tracker.self_describing_json.SelfDescribingJson object at 0x000001F9EE41FDF0>]}
[0m17:43:44.274088 [info ] [Thread-1  ]: 1 of 1 OK created sql view model real_estate_gold.fct_transactions ............. [[32mCREATE VIEW (0 processed)[0m in 1.70s]
[0m17:43:44.275370 [debug] [Thread-1  ]: Finished running node model.realestate_analytics.fct_transactions
[0m17:43:44.276636 [debug] [MainThread]: Opening a new connection, currently in state closed
[0m17:43:44.276636 [debug] [MainThread]: Connection 'master' was properly closed.
[0m17:43:44.276636 [debug] [MainThread]: Connection 'list_real-estate-project-2025' was properly closed.
[0m17:43:44.281081 [debug] [MainThread]: Connection 'list_real-estate-project-2025_real_estate_gold' was properly closed.
[0m17:43:44.281081 [debug] [MainThread]: Connection 'model.realestate_analytics.fct_transactions' was properly closed.
[0m17:43:44.283088 [info ] [MainThread]: 
[0m17:43:44.284201 [info ] [MainThread]: Finished running 1 view model in 0 hours 0 minutes and 6.38 seconds (6.38s).
[0m17:43:44.285406 [debug] [MainThread]: Command end result
[0m17:43:44.319323 [debug] [MainThread]: Wrote artifact WritableManifest to C:\Users\yshoo\Desktop\DataScience\RealEstateAnalytics\dbt_project\target\manifest.json
[0m17:43:44.327946 [debug] [MainThread]: Wrote artifact SemanticManifest to C:\Users\yshoo\Desktop\DataScience\RealEstateAnalytics\dbt_project\target\semantic_manifest.json
[0m17:43:44.337604 [debug] [MainThread]: Wrote artifact RunExecutionResult to C:\Users\yshoo\Desktop\DataScience\RealEstateAnalytics\dbt_project\target\run_results.json
[0m17:43:44.337604 [info ] [MainThread]: 
[0m17:43:44.337604 [info ] [MainThread]: [32mCompleted successfully[0m
[0m17:43:44.344695 [info ] [MainThread]: 
[0m17:43:44.344695 [info ] [MainThread]: Done. PASS=1 WARN=0 ERROR=0 SKIP=0 NO-OP=0 TOTAL=1
[0m17:43:44.344695 [debug] [MainThread]: Command `dbt run` succeeded at 17:43:44.344695 after 14.62 seconds
[0m17:43:44.348757 [debug] [MainThread]: Sending event: {'category': 'dbt', 'action': 'invocation', 'label': 'end', 'context': [<snowplow_tracker.self_describing_json.SelfDescribingJson object at 0x000001F9DE79FEE0>, <snowplow_tracker.self_describing_json.SelfDescribingJson object at 0x000001F9EE2E9FA0>, <snowplow_tracker.self_describing_json.SelfDescribingJson object at 0x000001F9E0213280>]}
[0m17:43:44.350203 [debug] [MainThread]: Flushing usage events
[0m17:43:45.746451 [debug] [MainThread]: An error was encountered while trying to flush usage events
[0m17:46:26.551686 [debug] [MainThread]: Sending event: {'category': 'dbt', 'action': 'invocation', 'label': 'start', 'context': [<snowplow_tracker.self_describing_json.SelfDescribingJson object at 0x000002A2D63AFE80>, <snowplow_tracker.self_describing_json.SelfDescribingJson object at 0x000002A2D773DE50>, <snowplow_tracker.self_describing_json.SelfDescribingJson object at 0x000002A2D85EB190>]}


============================== 17:46:26.556810 | 36fcd9d8-8b7f-4173-9cd9-960acad04b11 ==============================
[0m17:46:26.556810 [info ] [MainThread]: Running with dbt=1.10.11
[0m17:46:26.556810 [debug] [MainThread]: running dbt with arguments {'warn_error': 'None', 'no_print': 'None', 'use_experimental_parser': 'False', 'log_cache_events': 'False', 'log_path': 'C:\\Users\\yshoo\\Desktop\\DataScience\\RealEstateAnalytics\\dbt_project\\logs', 'invocation_command': 'dbt deps', 'write_json': 'True', 'log_format': 'default', 'indirect_selection': 'eager', 'cache_selected_only': 'False', 'target_path': 'None', 'empty': 'None', 'printer_width': '80', 'use_colors': 'True', 'introspect': 'True', 'fail_fast': 'False', 'send_anonymous_usage_stats': 'True', 'profiles_dir': 'C:\\Users\\yshoo\\.dbt', 'partial_parse': 'True', 'static_parser': 'True', 'debug': 'False', 'version_check': 'True', 'quiet': 'False', 'warn_error_options': 'WarnErrorOptionsV2(error=[], warn=[], silence=[])'}
[0m17:46:26.802604 [debug] [MainThread]: Sending event: {'category': 'dbt', 'action': 'project_id', 'label': '36fcd9d8-8b7f-4173-9cd9-960acad04b11', 'context': [<snowplow_tracker.self_describing_json.SelfDescribingJson object at 0x000002A2D4788BB0>]}
[0m17:46:26.875395 [debug] [MainThread]: Set downloads directory='C:\Users\yshoo\AppData\Local\Temp\dbt-downloads-mcwl1bxj'
[0m17:46:26.876696 [debug] [MainThread]: Making package index registry request: GET https://hub.getdbt.com/api/v1/index.json
[0m17:46:27.436699 [debug] [MainThread]: Response from registry index: GET https://hub.getdbt.com/api/v1/index.json 200
[0m17:46:27.442027 [error] [MainThread]: Encountered an error:
Package dbt-labs/dbt-utils was not found in the package index
[0m17:46:27.450676 [error] [MainThread]: Traceback (most recent call last):
  File "C:\Users\yshoo\anaconda3\envs\realestate_analytics\lib\site-packages\dbt\cli\requires.py", line 178, in wrapper
    result, success = func(*args, **kwargs)
  File "C:\Users\yshoo\anaconda3\envs\realestate_analytics\lib\site-packages\dbt\cli\requires.py", line 128, in wrapper
    return func(*args, **kwargs)
  File "C:\Users\yshoo\anaconda3\envs\realestate_analytics\lib\site-packages\dbt\cli\requires.py", line 254, in wrapper
    return func(*args, **kwargs)
  File "C:\Users\yshoo\anaconda3\envs\realestate_analytics\lib\site-packages\dbt\cli\requires.py", line 303, in wrapper
    return func(*args, **kwargs)
  File "C:\Users\yshoo\anaconda3\envs\realestate_analytics\lib\site-packages\dbt\cli\main.py", line 461, in deps
    results = task.run()
  File "C:\Users\yshoo\anaconda3\envs\realestate_analytics\lib\site-packages\dbt\task\deps.py", line 215, in run
    self.lock()
  File "C:\Users\yshoo\anaconda3\envs\realestate_analytics\lib\site-packages\dbt\task\deps.py", line 187, in lock
    resolved_deps = resolve_packages(packages, self.project, self.cli_vars)
  File "C:\Users\yshoo\anaconda3\envs\realestate_analytics\lib\site-packages\dbt\deps\resolver.py", line 131, in resolve_packages
    target = final[package].resolved().fetch_metadata(project, renderer)
  File "C:\Users\yshoo\anaconda3\envs\realestate_analytics\lib\site-packages\dbt\deps\registry.py", line 98, in resolved
    self._check_in_index()
  File "C:\Users\yshoo\anaconda3\envs\realestate_analytics\lib\site-packages\dbt\deps\registry.py", line 77, in _check_in_index
    raise PackageNotFoundError(self.package)
dbt.exceptions.PackageNotFoundError: Package dbt-labs/dbt-utils was not found in the package index

[0m17:46:27.453683 [debug] [MainThread]: Command `dbt deps` failed at 17:46:27.453683 after 1.04 seconds
[0m17:46:27.453683 [debug] [MainThread]: Sending event: {'category': 'dbt', 'action': 'invocation', 'label': 'end', 'context': [<snowplow_tracker.self_describing_json.SelfDescribingJson object at 0x000002A2D63AFE80>, <snowplow_tracker.self_describing_json.SelfDescribingJson object at 0x000002A2D883EB80>, <snowplow_tracker.self_describing_json.SelfDescribingJson object at 0x000002A2D883ECD0>]}
[0m17:46:27.453683 [debug] [MainThread]: Flushing usage events
[0m17:46:28.737740 [debug] [MainThread]: An error was encountered while trying to flush usage events
[0m17:47:22.997663 [debug] [MainThread]: Sending event: {'category': 'dbt', 'action': 'invocation', 'label': 'start', 'context': [<snowplow_tracker.self_describing_json.SelfDescribingJson object at 0x000002400F850E50>, <snowplow_tracker.self_describing_json.SelfDescribingJson object at 0x0000024011AF3F10>, <snowplow_tracker.self_describing_json.SelfDescribingJson object at 0x0000024011AF3070>]}


============================== 17:47:23.004926 | 8145d010-5053-487c-8216-5d5afccf47db ==============================
[0m17:47:23.004926 [info ] [MainThread]: Running with dbt=1.10.11
[0m17:47:23.004926 [debug] [MainThread]: running dbt with arguments {'no_print': 'None', 'quiet': 'False', 'use_experimental_parser': 'False', 'empty': 'None', 'log_path': 'C:\\Users\\yshoo\\Desktop\\DataScience\\RealEstateAnalytics\\dbt_project\\logs', 'invocation_command': 'dbt deps', 'write_json': 'True', 'log_format': 'default', 'indirect_selection': 'eager', 'cache_selected_only': 'False', 'target_path': 'None', 'profiles_dir': 'C:\\Users\\yshoo\\.dbt', 'printer_width': '80', 'use_colors': 'True', 'introspect': 'True', 'fail_fast': 'False', 'log_cache_events': 'False', 'send_anonymous_usage_stats': 'True', 'partial_parse': 'True', 'static_parser': 'True', 'debug': 'False', 'version_check': 'True', 'warn_error': 'None', 'warn_error_options': 'WarnErrorOptionsV2(error=[], warn=[], silence=[])'}
[0m17:47:23.259411 [debug] [MainThread]: Sending event: {'category': 'dbt', 'action': 'project_id', 'label': '8145d010-5053-487c-8216-5d5afccf47db', 'context': [<snowplow_tracker.self_describing_json.SelfDescribingJson object at 0x0000024011A8A7F0>]}
[0m17:47:23.303847 [debug] [MainThread]: Set downloads directory='C:\Users\yshoo\AppData\Local\Temp\dbt-downloads-7ifrte05'
[0m17:47:23.305860 [debug] [MainThread]: Making package index registry request: GET https://hub.getdbt.com/api/v1/index.json
[0m17:47:23.810761 [debug] [MainThread]: Response from registry index: GET https://hub.getdbt.com/api/v1/index.json 200
[0m17:47:23.812398 [error] [MainThread]: Encountered an error:
Package dbt-utils/dbt_utils was not found in the package index
[0m17:47:23.819144 [error] [MainThread]: Traceback (most recent call last):
  File "C:\Users\yshoo\anaconda3\envs\realestate_analytics\lib\site-packages\dbt\cli\requires.py", line 178, in wrapper
    result, success = func(*args, **kwargs)
  File "C:\Users\yshoo\anaconda3\envs\realestate_analytics\lib\site-packages\dbt\cli\requires.py", line 128, in wrapper
    return func(*args, **kwargs)
  File "C:\Users\yshoo\anaconda3\envs\realestate_analytics\lib\site-packages\dbt\cli\requires.py", line 254, in wrapper
    return func(*args, **kwargs)
  File "C:\Users\yshoo\anaconda3\envs\realestate_analytics\lib\site-packages\dbt\cli\requires.py", line 303, in wrapper
    return func(*args, **kwargs)
  File "C:\Users\yshoo\anaconda3\envs\realestate_analytics\lib\site-packages\dbt\cli\main.py", line 461, in deps
    results = task.run()
  File "C:\Users\yshoo\anaconda3\envs\realestate_analytics\lib\site-packages\dbt\task\deps.py", line 215, in run
    self.lock()
  File "C:\Users\yshoo\anaconda3\envs\realestate_analytics\lib\site-packages\dbt\task\deps.py", line 187, in lock
    resolved_deps = resolve_packages(packages, self.project, self.cli_vars)
  File "C:\Users\yshoo\anaconda3\envs\realestate_analytics\lib\site-packages\dbt\deps\resolver.py", line 131, in resolve_packages
    target = final[package].resolved().fetch_metadata(project, renderer)
  File "C:\Users\yshoo\anaconda3\envs\realestate_analytics\lib\site-packages\dbt\deps\registry.py", line 98, in resolved
    self._check_in_index()
  File "C:\Users\yshoo\anaconda3\envs\realestate_analytics\lib\site-packages\dbt\deps\registry.py", line 77, in _check_in_index
    raise PackageNotFoundError(self.package)
dbt.exceptions.PackageNotFoundError: Package dbt-utils/dbt_utils was not found in the package index

[0m17:47:23.820526 [debug] [MainThread]: Command `dbt deps` failed at 17:47:23.820526 after 0.96 seconds
[0m17:47:23.820526 [debug] [MainThread]: Sending event: {'category': 'dbt', 'action': 'invocation', 'label': 'end', 'context': [<snowplow_tracker.self_describing_json.SelfDescribingJson object at 0x000002400F850E50>, <snowplow_tracker.self_describing_json.SelfDescribingJson object at 0x0000024011CDDB50>, <snowplow_tracker.self_describing_json.SelfDescribingJson object at 0x0000024011CDDCA0>]}
[0m17:47:23.825267 [debug] [MainThread]: Flushing usage events
[0m17:47:25.139901 [debug] [MainThread]: An error was encountered while trying to flush usage events
[0m17:54:00.150729 [debug] [MainThread]: Sending event: {'category': 'dbt', 'action': 'invocation', 'label': 'start', 'context': [<snowplow_tracker.self_describing_json.SelfDescribingJson object at 0x000001FFC959FE80>, <snowplow_tracker.self_describing_json.SelfDescribingJson object at 0x000001FFCB844F10>, <snowplow_tracker.self_describing_json.SelfDescribingJson object at 0x000001FFCB844220>]}


============================== 17:54:00.150729 | 428edf21-8ed3-4fdd-86be-751e35478276 ==============================
[0m17:54:00.150729 [info ] [MainThread]: Running with dbt=1.10.11
[0m17:54:00.150729 [debug] [MainThread]: running dbt with arguments {'quiet': 'False', 'empty': 'False', 'warn_error': 'None', 'use_experimental_parser': 'False', 'log_path': 'C:\\Users\\yshoo\\Desktop\\DataScience\\RealEstateAnalytics\\dbt_project\\logs', 'invocation_command': 'dbt run --select dim_dates', 'log_format': 'default', 'write_json': 'True', 'indirect_selection': 'eager', 'cache_selected_only': 'False', 'target_path': 'None', 'profiles_dir': 'C:\\Users\\yshoo\\.dbt', 'printer_width': '80', 'use_colors': 'True', 'introspect': 'True', 'fail_fast': 'False', 'log_cache_events': 'False', 'send_anonymous_usage_stats': 'True', 'partial_parse': 'True', 'static_parser': 'True', 'debug': 'False', 'version_check': 'True', 'no_print': 'None', 'warn_error_options': 'WarnErrorOptionsV2(error=[], warn=[], silence=[])'}
[0m17:54:05.102459 [debug] [MainThread]: Sending event: {'category': 'dbt', 'action': 'project_id', 'label': '428edf21-8ed3-4fdd-86be-751e35478276', 'context': [<snowplow_tracker.self_describing_json.SelfDescribingJson object at 0x000001FFD891F1C0>]}
[0m17:54:05.201601 [debug] [MainThread]: Sending event: {'category': 'dbt', 'action': 'adapter_info', 'label': '428edf21-8ed3-4fdd-86be-751e35478276', 'context': [<snowplow_tracker.self_describing_json.SelfDescribingJson object at 0x000001FFD8959100>]}
[0m17:54:05.203610 [info ] [MainThread]: Registered adapter: bigquery=1.10.2
[0m17:54:06.634015 [debug] [MainThread]: checksum: 5335e1629744fab92fa7809c625edbb36f0d7063a879d6215c971798f27e66f9, vars: {}, profile: , target: , version: 1.10.11
[0m17:54:07.008303 [debug] [MainThread]: Partial parsing enabled: 0 files deleted, 1 files added, 0 files changed.
[0m17:54:07.022423 [debug] [MainThread]: Partial parsing: added file: realestate_analytics://models\marts\dim_dates.sql
[0m17:54:07.404274 [debug] [MainThread]: Sending event: {'category': 'dbt', 'action': 'load_project', 'label': '428edf21-8ed3-4fdd-86be-751e35478276', 'context': [<snowplow_tracker.self_describing_json.SelfDescribingJson object at 0x000001FFD9235130>]}
[0m17:54:07.534481 [debug] [MainThread]: Wrote artifact WritableManifest to C:\Users\yshoo\Desktop\DataScience\RealEstateAnalytics\dbt_project\target\manifest.json
[0m17:54:07.551564 [debug] [MainThread]: Wrote artifact SemanticManifest to C:\Users\yshoo\Desktop\DataScience\RealEstateAnalytics\dbt_project\target\semantic_manifest.json
[0m17:54:07.585344 [debug] [MainThread]: Sending event: {'category': 'dbt', 'action': 'resource_counts', 'label': '428edf21-8ed3-4fdd-86be-751e35478276', 'context': [<snowplow_tracker.self_describing_json.SelfDescribingJson object at 0x000001FFD902CC70>]}
[0m17:54:07.588856 [info ] [MainThread]: Found 5 models, 2 sources, 497 macros
[0m17:54:07.588856 [debug] [MainThread]: Sending event: {'category': 'dbt', 'action': 'runnable_timing', 'label': '428edf21-8ed3-4fdd-86be-751e35478276', 'context': [<snowplow_tracker.self_describing_json.SelfDescribingJson object at 0x000001FFD900AAC0>]}
[0m17:54:07.591712 [info ] [MainThread]: 
[0m17:54:07.591712 [info ] [MainThread]: Concurrency: 1 threads (target='dev')
[0m17:54:07.594524 [info ] [MainThread]: 
[0m17:54:07.596663 [debug] [MainThread]: Acquiring new bigquery connection 'master'
[0m17:54:07.596663 [debug] [ThreadPool]: Acquiring new bigquery connection 'list_real-estate-project-2025'
[0m17:54:07.596663 [debug] [ThreadPool]: Opening a new connection, currently in state init
[0m17:54:12.480552 [debug] [ThreadPool]: Acquiring new bigquery connection 'list_real-estate-project-2025_real_estate_gold'
[0m17:54:12.480552 [debug] [ThreadPool]: Opening a new connection, currently in state init
[0m17:54:13.159501 [debug] [ThreadPool]: Re-using an available connection from the pool (formerly list_real-estate-project-2025_real_estate_gold, now list_real-estate-project-2025_real_estate_silver)
[0m17:54:13.177534 [debug] [ThreadPool]: Opening a new connection, currently in state closed
[0m17:54:13.832442 [debug] [MainThread]: Sending event: {'category': 'dbt', 'action': 'runnable_timing', 'label': '428edf21-8ed3-4fdd-86be-751e35478276', 'context': [<snowplow_tracker.self_describing_json.SelfDescribingJson object at 0x000001FFC7BF6F40>]}
[0m17:54:13.832442 [debug] [MainThread]: Opening a new connection, currently in state init
[0m17:54:13.839115 [debug] [Thread-1  ]: Began running node model.realestate_analytics.dim_dates
[0m17:54:13.839115 [info ] [Thread-1  ]: 1 of 1 START sql view model real_estate_gold.dim_dates ......................... [RUN]
[0m17:54:13.839115 [debug] [Thread-1  ]: Acquiring new bigquery connection 'model.realestate_analytics.dim_dates'
[0m17:54:13.842897 [debug] [Thread-1  ]: Began compiling node model.realestate_analytics.dim_dates
[0m17:54:13.856631 [debug] [Thread-1  ]: Writing injected SQL for node "model.realestate_analytics.dim_dates"
[0m17:54:13.856631 [debug] [Thread-1  ]: Began executing node model.realestate_analytics.dim_dates
[0m17:54:13.896425 [debug] [Thread-1  ]: Writing runtime sql for node "model.realestate_analytics.dim_dates"
[0m17:54:13.896425 [debug] [Thread-1  ]: On model.realestate_analytics.dim_dates: /* {"app": "dbt", "dbt_version": "1.10.11", "profile_name": "realestate_analytics", "target_name": "dev", "node_id": "model.realestate_analytics.dim_dates"} */


  create or replace view `real-estate-project-2025`.`real_estate_gold`.`dim_dates`
  OPTIONS()
  as -- Goldå±¤ãƒ¢ãƒ‡ãƒ«: æ—¥ä»˜ãƒ‡ã‚£ãƒ¡ãƒ³ã‚·ãƒ§ãƒ³ãƒ†ãƒ¼ãƒ–ãƒ«

WITH transactions AS (
    SELECT
        *
    FROM
        `real-estate-project-2025`.`real_estate_gold`.`fct_transactions`
),

-- fct_transactionsãƒ†ãƒ¼ãƒ–ãƒ«ã«å­˜åœ¨ã™ã‚‹æ—¥ä»˜ã®æœ€å°å€¤ã¨æœ€å¤§å€¤ã‚’å–å¾—
date_range AS (
    SELECT
        MIN(transaction_date) AS start_date,
        MAX(transaction_date) AS end_date
    FROM
        transactions
),

-- BigQueryã®GENERATE_DATE_ARRAYé–¢æ•°ã§æ—¥ä»˜ã‚’ç”Ÿæˆ
date_spine AS (
    SELECT
        date_day
    FROM
        UNNEST(
            GENERATE_DATE_ARRAY(
                (SELECT start_date FROM date_range),
                (SELECT end_date FROM date_range),
                INTERVAL 1 DAY
            )
        ) AS date_day
)
SELECT
    -- æ—¥ä»˜ã®ä»£ç†ã‚­ãƒ¼ (ä¸»ã‚­ãƒ¼) ã‚’ä½œæˆ (ä¾‹: 20231026)
    CAST(FORMAT_DATE('%Y%m%d', date_day) AS INT64) AS date_id,
    
    -- æ—¥ä»˜ã®å„è¦ç´ ã‚’æŠ½å‡º
    date_day AS full_date,
    EXTRACT(YEAR FROM date_day) AS year,
    EXTRACT(QUARTER FROM date_day) AS quarter,
    EXTRACT(MONTH FROM date_day) AS month,
    EXTRACT(WEEK FROM date_day) AS week_of_year,
    EXTRACT(DAY FROM date_day) AS day_of_month
    
FROM
    date_spine;


[0m17:54:13.896425 [debug] [Thread-1  ]: Opening a new connection, currently in state init
[0m17:54:15.169195 [debug] [Thread-1  ]: BigQuery adapter: https://console.cloud.google.com/bigquery?project=real-estate-project-2025&j=bq:asia-northeast1:8de1344e-ade8-409b-a9e0-c200ea2adc29&page=queryresults
[0m17:54:16.048232 [debug] [Thread-1  ]: Sending event: {'category': 'dbt', 'action': 'run_model', 'label': '428edf21-8ed3-4fdd-86be-751e35478276', 'context': [<snowplow_tracker.self_describing_json.SelfDescribingJson object at 0x000001FFD9289E20>]}
[0m17:54:16.059820 [info ] [Thread-1  ]: 1 of 1 OK created sql view model real_estate_gold.dim_dates .................... [[32mCREATE VIEW (0 processed)[0m in 2.21s]
[0m17:54:16.061759 [debug] [Thread-1  ]: Finished running node model.realestate_analytics.dim_dates
[0m17:54:16.064470 [debug] [MainThread]: Opening a new connection, currently in state closed
[0m17:54:16.065895 [debug] [MainThread]: Connection 'master' was properly closed.
[0m17:54:16.065895 [debug] [MainThread]: Connection 'list_real-estate-project-2025' was properly closed.
[0m17:54:16.065895 [debug] [MainThread]: Connection 'list_real-estate-project-2025_real_estate_silver' was properly closed.
[0m17:54:16.065895 [debug] [MainThread]: Connection 'model.realestate_analytics.dim_dates' was properly closed.
[0m17:54:16.065895 [info ] [MainThread]: 
[0m17:54:16.065895 [info ] [MainThread]: Finished running 1 view model in 0 hours 0 minutes and 8.47 seconds (8.47s).
[0m17:54:16.070643 [debug] [MainThread]: Command end result
[0m17:54:16.095635 [debug] [MainThread]: Wrote artifact WritableManifest to C:\Users\yshoo\Desktop\DataScience\RealEstateAnalytics\dbt_project\target\manifest.json
[0m17:54:16.109566 [debug] [MainThread]: Wrote artifact SemanticManifest to C:\Users\yshoo\Desktop\DataScience\RealEstateAnalytics\dbt_project\target\semantic_manifest.json
[0m17:54:16.114163 [debug] [MainThread]: Wrote artifact RunExecutionResult to C:\Users\yshoo\Desktop\DataScience\RealEstateAnalytics\dbt_project\target\run_results.json
[0m17:54:16.114163 [info ] [MainThread]: 
[0m17:54:16.125502 [info ] [MainThread]: [32mCompleted successfully[0m
[0m17:54:16.125502 [info ] [MainThread]: 
[0m17:54:16.125502 [info ] [MainThread]: Done. PASS=1 WARN=0 ERROR=0 SKIP=0 NO-OP=0 TOTAL=1
[0m17:54:16.125502 [debug] [MainThread]: Command `dbt run` succeeded at 17:54:16.125502 after 16.13 seconds
[0m17:54:16.125502 [debug] [MainThread]: Sending event: {'category': 'dbt', 'action': 'invocation', 'label': 'end', 'context': [<snowplow_tracker.self_describing_json.SelfDescribingJson object at 0x000001FFC959FE80>, <snowplow_tracker.self_describing_json.SelfDescribingJson object at 0x000001FFC8F5C730>, <snowplow_tracker.self_describing_json.SelfDescribingJson object at 0x000001FFD8959100>]}
[0m17:54:16.131843 [debug] [MainThread]: Flushing usage events
[0m17:54:17.613714 [debug] [MainThread]: An error was encountered while trying to flush usage events
